#
# There is insufficient memory for the Java Runtime Environment to continue.
# Native memory allocation (malloc) failed to allocate 1088336 bytes for Chunk::new
# Possible reasons:
#   The system is out of physical RAM or swap space
#   In 32 bit mode, the process size limit was hit
# Possible solutions:
#   Reduce memory load on the system
#   Increase physical memory or swap space
#   Check if swap backing store is full
#   Use 64 bit Java on a 64 bit OS
#   Decrease Java heap size (-Xmx/-Xms)
#   Decrease number of Java threads
#   Decrease Java thread stack sizes (-Xss)
#   Set larger code cache with -XX:ReservedCodeCacheSize=
# This output file may be truncated or incomplete.
#
#  Out of Memory Error (allocation.cpp:328), pid=9388, tid=952
#
# JRE version: 7.0_17-b02
# Java VM: Java HotSpot(TM) 64-Bit Server VM (23.7-b01 mixed mode windows-amd64 compressed oops)
# Failed to write core dump. Minidumps are not enabled by default on client versions of Windows
#

---------------  T H R E A D  ---------------

Current thread (0x000000000b9f4000):  JavaThread "C2 CompilerThread1" daemon [_thread_in_native, id=952, stack(0x000000000d0a0000,0x000000000d1a0000)]

Stack: [0x000000000d0a0000,0x000000000d1a0000]

Current CompileTask:
C2: 190361 2355             org.hsqldb.ParserDML::compileInsertStatement (1123 bytes)


---------------  P R O C E S S  ---------------

Java Threads: ( => current thread )
  0x000000000ed8f000 JavaThread "HSQLDB Connection @5c4d77b1" [_thread_blocked, id=1664, stack(0x00000000157d0000,0x00000000158d0000)]
  0x000000000ed90800 JavaThread "HSQLDB Connection @22809b17" [_thread_blocked, id=10556, stack(0x00000000133f0000,0x00000000134f0000)]
  0x000000000ec0d000 JavaThread "HSQLDB Connection @7c81f1d1" [_thread_in_native, id=10796, stack(0x00000000156d0000,0x00000000157d0000)]
  0x000000000ec07800 JavaThread "HSQLDB Connection @78b3e891" [_thread_in_native, id=9600, stack(0x00000000146d0000,0x00000000147d0000)]
  0x000000000ed96000 JavaThread "HSQLDB Connection @336dee36" [_thread_in_native, id=10900, stack(0x0000000014ed0000,0x0000000014fd0000)]
  0x000000000da51800 JavaThread "HSQLDB Connection @4e2b0598" [_thread_in_native, id=6892, stack(0x00000000155d0000,0x00000000156d0000)]
  0x000000000da50000 JavaThread "HSQLDB Connection @44eacd0f" [_thread_in_native, id=5580, stack(0x00000000152d0000,0x00000000153d0000)]
  0x000000000da4e800 JavaThread "pool-46-thread-3" [_thread_in_native, id=10760, stack(0x0000000014bd0000,0x0000000014cd0000)]
  0x000000000da4f800 JavaThread "pool-46-thread-2" [_thread_in_Java, id=2316, stack(0x00000000134f0000,0x00000000135f0000)]
  0x000000000da4d000 JavaThread "pool-46-thread-1" [_thread_in_native, id=6596, stack(0x0000000010f50000,0x0000000011050000)]
  0x000000000da4c800 JavaThread "HSQLDB Connection @7d2bfbf1" [_thread_blocked, id=8928, stack(0x0000000010b50000,0x0000000010c50000)]
  0x000000000da46800 JavaThread "Thread-211" [_thread_blocked, id=9540, stack(0x0000000010a50000,0x0000000010b50000)]
  0x000000000da49800 JavaThread "Thread-210" [_thread_blocked, id=3520, stack(0x0000000010750000,0x0000000010850000)]
  0x000000000da47000 JavaThread "Thread-209" [_thread_in_native, id=8516, stack(0x0000000010650000,0x0000000010750000)]
  0x0000000012006800 JavaThread "qtp54987792-464" [_thread_blocked, id=6912, stack(0x0000000010550000,0x0000000010650000)]
  0x0000000012009800 JavaThread "qtp54987792-463" [_thread_blocked, id=8028, stack(0x0000000010250000,0x0000000010350000)]
  0x0000000012003000 JavaThread "qtp54987792-462" [_thread_blocked, id=6160, stack(0x0000000010150000,0x0000000010250000)]
  0x0000000012005000 JavaThread "qtp54987792-461" [_thread_blocked, id=10360, stack(0x0000000010050000,0x0000000010150000)]
  0x0000000012001800 JavaThread "qtp54987792-460" [_thread_blocked, id=9744, stack(0x000000000ff50000,0x0000000010050000)]
  0x0000000012003800 JavaThread "qtp54987792-459" [_thread_blocked, id=11196, stack(0x000000000fe50000,0x000000000ff50000)]
  0x0000000011ffd800 JavaThread "qtp54987792-458 Acceptor0 SelectChannelConnector@0.0.0.0:8081" [_thread_in_native, id=5628, stack(0x000000000fd50000,0x000000000fe50000)]
  0x0000000012000800 JavaThread "qtp54987792-457 Selector0" [_thread_in_native, id=10140, stack(0x000000000fc50000,0x000000000fd50000)]
  0x0000000012000000 JavaThread "HashSessionScavenger-15" daemon [_thread_blocked, id=10756, stack(0x000000000fb50000,0x000000000fc50000)]
  0x0000000011fff000 JavaThread "HSQLDB Connection @52c112b1" [_thread_in_native, id=4584, stack(0x000000000fa50000,0x000000000fb50000)]
  0x0000000011ffc000 JavaThread "HSQLDB Connection @36e24045" [_thread_in_native, id=10324, stack(0x000000000f950000,0x000000000fa50000)]
  0x0000000011ffd000 JavaThread "HSQLDB Connection @530a0851" [_thread_in_native, id=10700, stack(0x000000000f750000,0x000000000f850000)]
  0x0000000011ffb800 JavaThread "HSQLDB Server @4749938f" [_thread_in_native, id=10552, stack(0x000000000dfa0000,0x000000000e0a0000)]
  0x0000000012002000 JavaThread "pool-43-thread-1" [_thread_blocked, id=10244, stack(0x00000000149d0000,0x0000000014ad0000)]
  0x000000000da4b800 JavaThread "pool-40-thread-1" [_thread_blocked, id=3220, stack(0x0000000014dd0000,0x0000000014ed0000)]
  0x0000000012009000 JavaThread "pool-37-thread-1" [_thread_blocked, id=1996, stack(0x00000000131f0000,0x00000000132f0000)]
  0x000000000ed90000 JavaThread "pool-35-thread-2" [_thread_blocked, id=7600, stack(0x0000000015cd0000,0x0000000015dd0000)]
  0x000000000ec0c000 JavaThread "pool-35-thread-1" [_thread_blocked, id=7340, stack(0x0000000010350000,0x0000000010450000)]
  0x000000000ec0a000 JavaThread "pool-34-thread-1" [_thread_blocked, id=4680, stack(0x0000000015ff0000,0x00000000160f0000)]
  0x000000000da4b000 JavaThread "pool-31-thread-1" [_thread_blocked, id=6028, stack(0x00000000148d0000,0x00000000149d0000)]
  0x000000000ed93800 JavaThread "pool-30-thread-1" [_thread_blocked, id=1292, stack(0x000000000f850000,0x000000000f950000)]
  0x000000000ed92000 JavaThread "pool-29-thread-1" [_thread_blocked, id=9812, stack(0x0000000014ad0000,0x0000000014bd0000)]
  0x000000000da52800 JavaThread "pool-28-thread-1" [_thread_blocked, id=8944, stack(0x00000000154d0000,0x00000000155d0000)]
  0x0000000012007800 JavaThread "pool-26-thread-1" [_thread_blocked, id=10820, stack(0x00000000150d0000,0x00000000151d0000)]
  0x0000000012006000 JavaThread "pool-25-thread-1" [_thread_blocked, id=7080, stack(0x0000000014cd0000,0x0000000014dd0000)]
  0x000000000da48800 JavaThread "pool-22-thread-2" [_thread_blocked, id=712, stack(0x00000000147d0000,0x00000000148d0000)]
  0x000000000da48000 JavaThread "pool-22-thread-1" [_thread_blocked, id=6812, stack(0x00000000145d0000,0x00000000146d0000)]
  0x000000000da44000 JavaThread "pool-16-thread-3" [_thread_blocked, id=7856, stack(0x00000000153d0000,0x00000000154d0000)]
  0x000000000da45800 JavaThread "pool-16-thread-2" [_thread_blocked, id=10732, stack(0x00000000151d0000,0x00000000152d0000)]
  0x000000000da45000 JavaThread "pool-16-thread-1" [_thread_blocked, id=7732, stack(0x0000000014fd0000,0x00000000150d0000)]
  0x0000000012008000 JavaThread "pool-13-thread-1" [_thread_blocked, id=10880, stack(0x0000000010d50000,0x0000000010e50000)]
  0x000000000ed91800 JavaThread "pool-10-thread-1" [_thread_blocked, id=9772, stack(0x00000000130f0000,0x00000000131f0000)]
  0x0000000012004800 JavaThread "pool-7-thread-1" [_thread_blocked, id=10288, stack(0x00000000132f0000,0x00000000133f0000)]
  0x000000001200a800 JavaThread "pool-4-thread-1" [_thread_blocked, id=10428, stack(0x0000000010850000,0x0000000010950000)]
  0x000000000ec08800 JavaThread "pool-1-thread-3" [_thread_blocked, id=3444, stack(0x0000000012ff0000,0x00000000130f0000)]
  0x000000000ec07000 JavaThread "pool-1-thread-2" [_thread_blocked, id=10764, stack(0x0000000010e50000,0x0000000010f50000)]
  0x000000000ec09000 JavaThread "jcabi-loggable" daemon [_thread_blocked, id=10728, stack(0x0000000010c50000,0x0000000010d50000)]
  0x000000000ed95000 JavaThread "pool-1-thread-1" [_thread_blocked, id=11252, stack(0x0000000010950000,0x0000000010a50000)]
  0x000000000b9fe800 JavaThread "Service Thread" daemon [_thread_blocked, id=8436, stack(0x000000000d1a0000,0x000000000d2a0000)]
=>0x000000000b9f4000 JavaThread "C2 CompilerThread1" daemon [_thread_in_native, id=952, stack(0x000000000d0a0000,0x000000000d1a0000)]
  0x000000000b9ed800 JavaThread "C2 CompilerThread0" daemon [_thread_blocked, id=9028, stack(0x000000000cfa0000,0x000000000d0a0000)]
  0x000000000b9ec800 JavaThread "Attach Listener" daemon [_thread_blocked, id=11068, stack(0x000000000cea0000,0x000000000cfa0000)]
  0x000000000b9e9000 JavaThread "Signal Dispatcher" daemon [_thread_blocked, id=10472, stack(0x000000000cda0000,0x000000000cea0000)]
  0x000000000b986000 JavaThread "Finalizer" daemon [_thread_blocked, id=1240, stack(0x000000000cca0000,0x000000000cda0000)]
  0x000000000b97d000 JavaThread "Reference Handler" daemon [_thread_blocked, id=7388, stack(0x000000000cba0000,0x000000000cca0000)]
  0x0000000002a00800 JavaThread "main" [_thread_in_native, id=780, stack(0x0000000002900000,0x0000000002a00000)]

Other Threads:
  0x000000000b978800 VMThread [stack: 0x000000000caa0000,0x000000000cba0000] [id=8884]
  0x000000000ba17800 WatcherThread [stack: 0x000000000d2a0000,0x000000000d3a0000] [id=5060]

VM state:not at safepoint (normal execution)

VM Mutex/Monitor currently owned by a thread: None

Heap
 PSYoungGen      total 552704K, used 126529K [0x00000007d5eb0000, 0x00000007fbf60000, 0x0000000800000000)
  eden space 532288K, 23% used [0x00000007d5eb0000,0x00000007dda407d8,0x00000007f6680000)
  from space 20416K, 0% used [0x00000007f6680000,0x00000007f6680000,0x00000007f7a70000)
  to   space 16768K, 0% used [0x00000007f7a70000,0x00000007f7a70000,0x00000007f8ad0000)
 ParOldGen       total 785152K, used 29929K [0x0000000781c00000, 0x00000007b1ac0000, 0x00000007d5eb0000)
  object space 785152K, 3% used [0x0000000781c00000,0x000000078393a640,0x00000007b1ac0000)
 PSPermGen       total 83968K, used 75770K [0x000000077ca00000, 0x0000000781c00000, 0x0000000781c00000)
  object space 83968K, 90% used [0x000000077ca00000,0x00000007813fe918,0x0000000781c00000)

Card table byte_map: [0x0000000005bc0000,0x0000000005fe0000] byte_map_base: 0x0000000001fdb000

Polling page: 0x0000000000eb0000

Code Cache  [0x0000000002b00000, 0x0000000003160000, 0x0000000005b00000)
 total_blobs=2567 nmethods=2099 adapters=417 free_code_cache=42788Kb largest_free_block=43701440

Compilation events (10 events):
Event: 190.180 Thread 0x000000000b9f4000 nmethod 2353 0x00000000030e4c90 code [0x00000000030e4de0, 0x00000000030e4ed8]
Event: 190.186 Thread 0x000000000b9ed800 2354             sun.nio.cs.StreamEncoder::ensureOpen (18 bytes)
Event: 190.186 Thread 0x000000000b9ed800 nmethod 2354 0x00000000030e4a50 code [0x00000000030e4b80, 0x00000000030e4bf8]
Event: 190.212 Thread 0x000000000b9f4000 2355             org.hsqldb.ParserDML::compileInsertStatement (1123 bytes)
Event: 190.212 Thread 0x000000000b9ed800 2356             org.hsqldb.ParserDML::setParameterTypes (74 bytes)
Event: 190.219 Thread 0x000000000b9ed800 nmethod 2356 0x000000000313e810 code [0x000000000313e980, 0x000000000313ed58]
Event: 190.269 Thread 0x000000000b9ed800 2357             org.hibernate.type.EntityType::getIdentifierType (11 bytes)
Event: 190.271 Thread 0x000000000b9ed800 nmethod 2357 0x00000000030e44d0 code [0x00000000030e4640, 0x00000000030e47a8]
Event: 190.282 Thread 0x000000000b9ed800 2358             java.util.Calendar::clear (54 bytes)
Event: 190.285 Thread 0x000000000b9ed800 nmethod 2358 0x00000000030e7f90 code [0x00000000030e80c0, 0x00000000030e8278]

GC Heap History (10 events):
Event: 183.995 GC heap before
{Heap before GC invocations=45 (full 10):
 PSYoungGen      total 546752K, used 8693K [0x00000007d5eb0000, 0x00000007f8ad0000, 0x0000000800000000)
  eden space 524032K, 0% used [0x00000007d5eb0000,0x00000007d5eb0000,0x00000007f5e70000)
  from space 22720K, 38% used [0x00000007f5e70000,0x00000007f66ed7c0,0x00000007f74a0000)
  to   space 16768K, 0% used [0x00000007f7a70000,0x00000007f7a70000,0x00000007f8ad0000)
 ParOldGen       total 785152K, used 29847K [0x0000000781c00000, 0x00000007b1ac0000, 0x00000007d5eb0000)
  object space 785152K, 3% used [0x0000000781c00000,0x0000000783925f58,0x00000007b1ac0000)
 PSPermGen       total 83968K, used 83967K [0x000000077ca00000, 0x0000000781c00000, 0x0000000781c00000)
  object space 83968K, 99% used [0x000000077ca00000,0x0000000781bfff40,0x0000000781c00000)
Event: 184.111 GC heap after
Heap after GC invocations=45 (full 10):
 PSYoungGen      total 546752K, used 0K [0x00000007d5eb0000, 0x00000007f8ad0000, 0x0000000800000000)
  eden space 524032K, 0% used [0x00000007d5eb0000,0x00000007d5eb0000,0x00000007f5e70000)
  from space 22720K, 0% used [0x00000007f5e70000,0x00000007f5e70000,0x00000007f74a0000)
  to   space 16768K, 0% used [0x00000007f7a70000,0x00000007f7a70000,0x00000007f8ad0000)
 ParOldGen       total 785152K, used 30029K [0x0000000781c00000, 0x00000007b1ac0000, 0x00000007d5eb0000)
  object space 785152K, 3% used [0x0000000781c00000,0x0000000783953658,0x00000007b1ac0000)
 PSPermGen       total 83968K, used 74272K [0x000000077ca00000, 0x0000000781c00000, 0x0000000781c00000)
  object space 83968K, 88% used [0x000000077ca00000,0x00000007812882d0,0x0000000781c00000)
}
Event: 187.169 GC heap before
{Heap before GC invocations=46 (full 10):
 PSYoungGen      total 546752K, used 191468K [0x00000007d5eb0000, 0x00000007f8ad0000, 0x0000000800000000)
  eden space 524032K, 36% used [0x00000007d5eb0000,0x00000007e19ab2d8,0x00000007f5e70000)
  from space 22720K, 0% used [0x00000007f5e70000,0x00000007f5e70000,0x00000007f74a0000)
  to   space 16768K, 0% used [0x00000007f7a70000,0x00000007f7a70000,0x00000007f8ad0000)
 ParOldGen       total 785152K, used 30029K [0x0000000781c00000, 0x00000007b1ac0000, 0x00000007d5eb0000)
  object space 785152K, 3% used [0x0000000781c00000,0x0000000783953658,0x00000007b1ac0000)
 PSPermGen       total 83968K, used 83967K [0x000000077ca00000, 0x0000000781c00000, 0x0000000781c00000)
  object space 83968K, 99% used [0x000000077ca00000,0x0000000781bffe40,0x0000000781c00000)
Event: 187.177 GC heap after
Heap after GC invocations=46 (full 10):
 PSYoungGen      total 549056K, used 9151K [0x00000007d5eb0000, 0x00000007fbf60000, 0x0000000800000000)
  eden space 532288K, 0% used [0x00000007d5eb0000,0x00000007d5eb0000,0x00000007f6680000)
  from space 16768K, 54% used [0x00000007f7a70000,0x00000007f835fee0,0x00000007f8ad0000)
  to   space 20416K, 0% used [0x00000007f6680000,0x00000007f6680000,0x00000007f7a70000)
 ParOldGen       total 785152K, used 30029K [0x0000000781c00000, 0x00000007b1ac0000, 0x00000007d5eb0000)
  object space 785152K, 3% used [0x0000000781c00000,0x0000000783953658,0x00000007b1ac0000)
 PSPermGen       total 83968K, used 83967K [0x000000077ca00000, 0x0000000781c00000, 0x0000000781c00000)
  object space 83968K, 99% used [0x000000077ca00000,0x0000000781bffe40,0x0000000781c00000)
}
Event: 187.177 GC heap before
{Heap before GC invocations=47 (full 11):
 PSYoungGen      total 549056K, used 9151K [0x00000007d5eb0000, 0x00000007fbf60000, 0x0000000800000000)
  eden space 532288K, 0% used [0x00000007d5eb0000,0x00000007d5eb0000,0x00000007f6680000)
  from space 16768K, 54% used [0x00000007f7a70000,0x00000007f835fee0,0x00000007f8ad0000)
  to   space 20416K, 0% used [0x00000007f6680000,0x00000007f6680000,0x00000007f7a70000)
 ParOldGen       total 785152K, used 30029K [0x0000000781c00000, 0x00000007b1ac0000, 0x00000007d5eb0000)
  object space 785152K, 3% used [0x0000000781c00000,0x0000000783953658,0x00000007b1ac0000)
 PSPermGen       total 83968K, used 83967K [0x000000077ca00000, 0x0000000781c00000, 0x0000000781c00000)
  object space 83968K, 99% used [0x000000077ca00000,0x0000000781bffe40,0x0000000781c00000)
Event: 187.293 GC heap after
Heap after GC invocations=47 (full 11):
 PSYoungGen      total 549056K, used 0K [0x00000007d5eb0000, 0x00000007fbf60000, 0x0000000800000000)
  eden space 532288K, 0% used [0x00000007d5eb0000,0x00000007d5eb0000,0x00000007f6680000)
  from space 16768K, 0% used [0x00000007f7a70000,0x00000007f7a70000,0x00000007f8ad0000)
  to   space 20416K, 0% used [0x00000007f6680000,0x00000007f6680000,0x00000007f7a70000)
 ParOldGen       total 785152K, used 30658K [0x0000000781c00000, 0x00000007b1ac0000, 0x00000007d5eb0000)
  object space 785152K, 3% used [0x0000000781c00000,0x00000007839f0a20,0x00000007b1ac0000)
 PSPermGen       total 83968K, used 75018K [0x000000077ca00000, 0x0000000781c00000, 0x0000000781c00000)
  object space 83968K, 89% used [0x000000077ca00000,0x0000000781342898,0x0000000781c00000)
}
Event: 187.813 GC heap before
{Heap before GC invocations=48 (full 11):
 PSYoungGen      total 549056K, used 81890K [0x00000007d5eb0000, 0x00000007fbf60000, 0x0000000800000000)
  eden space 532288K, 15% used [0x00000007d5eb0000,0x00000007daea8858,0x00000007f6680000)
  from space 16768K, 0% used [0x00000007f7a70000,0x00000007f7a70000,0x00000007f8ad0000)
  to   space 20416K, 0% used [0x00000007f6680000,0x00000007f6680000,0x00000007f7a70000)
 ParOldGen       total 785152K, used 30658K [0x0000000781c00000, 0x00000007b1ac0000, 0x00000007d5eb0000)
  object space 785152K, 3% used [0x0000000781c00000,0x00000007839f0a20,0x00000007b1ac0000)
 PSPermGen       total 83968K, used 83967K [0x000000077ca00000, 0x0000000781c00000, 0x0000000781c00000)
  object space 83968K, 99% used [0x000000077ca00000,0x0000000781bffe98,0x0000000781c00000)
Event: 187.822 GC heap after
Heap after GC invocations=48 (full 11):
 PSYoungGen      total 552704K, used 8277K [0x00000007d5eb0000, 0x00000007fbf60000, 0x0000000800000000)
  eden space 532288K, 0% used [0x00000007d5eb0000,0x00000007d5eb0000,0x00000007f6680000)
  from space 20416K, 40% used [0x00000007f6680000,0x00000007f6e957c0,0x00000007f7a70000)
  to   space 16768K, 0% used [0x00000007f7a70000,0x00000007f7a70000,0x00000007f8ad0000)
 ParOldGen       total 785152K, used 30658K [0x0000000781c00000, 0x00000007b1ac0000, 0x00000007d5eb0000)
  object space 785152K, 3% used [0x0000000781c00000,0x00000007839f0a20,0x00000007b1ac0000)
 PSPermGen       total 83968K, used 83967K [0x000000077ca00000, 0x0000000781c00000, 0x0000000781c00000)
  object space 83968K, 99% used [0x000000077ca00000,0x0000000781bffe98,0x0000000781c00000)
}
Event: 187.822 GC heap before
{Heap before GC invocations=49 (full 12):
 PSYoungGen      total 552704K, used 8277K [0x00000007d5eb0000, 0x00000007fbf60000, 0x0000000800000000)
  eden space 532288K, 0% used [0x00000007d5eb0000,0x00000007d5eb0000,0x00000007f6680000)
  from space 20416K, 40% used [0x00000007f6680000,0x00000007f6e957c0,0x00000007f7a70000)
  to   space 16768K, 0% used [0x00000007f7a70000,0x00000007f7a70000,0x00000007f8ad0000)
 ParOldGen       total 785152K, used 30658K [0x0000000781c00000, 0x00000007b1ac0000, 0x00000007d5eb0000)
  object space 785152K, 3% used [0x0000000781c00000,0x00000007839f0a20,0x00000007b1ac0000)
 PSPermGen       total 83968K, used 83967K [0x000000077ca00000, 0x0000000781c00000, 0x0000000781c00000)
  object space 83968K, 99% used [0x000000077ca00000,0x0000000781bffe98,0x0000000781c00000)
Event: 187.938 GC heap after
Heap after GC invocations=49 (full 12):
 PSYoungGen      total 552704K, used 0K [0x00000007d5eb0000, 0x00000007fbf60000, 0x0000000800000000)
  eden space 532288K, 0% used [0x00000007d5eb0000,0x00000007d5eb0000,0x00000007f6680000)
  from space 20416K, 0% used [0x00000007f6680000,0x00000007f6680000,0x00000007f7a70000)
  to   space 16768K, 0% used [0x00000007f7a70000,0x00000007f7a70000,0x00000007f8ad0000)
 ParOldGen       total 785152K, used 29929K [0x0000000781c00000, 0x00000007b1ac0000, 0x00000007d5eb0000)
  object space 785152K, 3% used [0x0000000781c00000,0x000000078393a640,0x00000007b1ac0000)
 PSPermGen       total 83968K, used 75018K [0x000000077ca00000, 0x0000000781c00000, 0x0000000781c00000)
  object space 83968K, 89% used [0x000000077ca00000,0x0000000781342a00,0x0000000781c00000)
}

Deoptimization events (10 events):
Event: 166.053 Thread 0x000000000b986000 Uncommon trap -34 fr.pc 0x0000000002d85c0c
Event: 177.959 Thread 0x000000000da4e800 Uncommon trap -34 fr.pc 0x00000000030e5c84
Event: 177.960 Thread 0x000000000da4e800 Uncommon trap -34 fr.pc 0x00000000030e5c84
Event: 177.961 Thread 0x000000000da4e800 Uncommon trap -34 fr.pc 0x00000000030e5c84
Event: 177.973 Thread 0x000000000da4d000 Uncommon trap -34 fr.pc 0x00000000030e5c84
Event: 180.401 Thread 0x0000000002a00800 Uncommon trap -122 fr.pc 0x00000000030cf798
Event: 180.402 Thread 0x0000000002a00800 Uncommon trap -58 fr.pc 0x00000000030e2fe8
Event: 183.650 Thread 0x0000000002a00800 Uncommon trap -58 fr.pc 0x00000000030e2fe8
Event: 186.908 Thread 0x0000000002a00800 Uncommon trap -58 fr.pc 0x00000000030e2fe8
Event: 190.175 Thread 0x0000000002a00800 Uncommon trap -58 fr.pc 0x00000000030e2fe8

Internal exceptions (10 events):
Event: 184.115 Thread 0x000000000b986000 Threw 0x00000007d609cfa0 at C:\jdk7u2_64p\jdk7u17\hotspot\src\share\vm\prims\jni.cpp:742
Event: 184.117 Thread 0x000000000b986000 Threw 0x00000007d609d930 at C:\jdk7u2_64p\jdk7u17\hotspot\src\share\vm\prims\jni.cpp:742
Event: 184.721 Thread 0x0000000011ffb800 Threw 0x00000007da689d30 at C:\jdk7u2_64p\jdk7u17\hotspot\src\share\vm\prims\jni.cpp:742
Event: 185.721 Thread 0x0000000011ffb800 Threw 0x00000007da68a0d8 at C:\jdk7u2_64p\jdk7u17\hotspot\src\share\vm\prims\jni.cpp:742
Event: 186.722 Thread 0x0000000011ffb800 Threw 0x00000007da68a480 at C:\jdk7u2_64p\jdk7u17\hotspot\src\share\vm\prims\jni.cpp:742
Event: 187.298 Thread 0x000000000b986000 Threw 0x00000007d61ef930 at C:\jdk7u2_64p\jdk7u17\hotspot\src\share\vm\prims\jni.cpp:742
Event: 187.299 Thread 0x000000000b986000 Threw 0x00000007d61f02c0 at C:\jdk7u2_64p\jdk7u17\hotspot\src\share\vm\prims\jni.cpp:742
Event: 188.012 Thread 0x0000000011ffb800 Threw 0x00000007d6561960 at C:\jdk7u2_64p\jdk7u17\hotspot\src\share\vm\prims\jni.cpp:742
Event: 189.012 Thread 0x0000000011ffb800 Threw 0x00000007d6561d08 at C:\jdk7u2_64p\jdk7u17\hotspot\src\share\vm\prims\jni.cpp:742
Event: 190.013 Thread 0x0000000011ffb800 Threw 0x00000007d65620b0 at C:\jdk7u2_64p\jdk7u17\hotspot\src\share\vm\prims\jni.cpp:742

Events (10 events):
Event: 190.288 loading class 0x0000000011cb9e70
Event: 190.288 loading class 0x0000000011cb9e70 done
Event: 190.288 loading class 0x0000000011cba000
Event: 190.288 loading class 0x0000000011cba000 done
Event: 190.289 loading class 0x0000000011cba1e0
Event: 190.289 loading class 0x0000000011cba1e0 done
Event: 190.289 loading class 0x0000000012431cd0
Event: 190.289 loading class 0x0000000012431cd0 done
Event: 190.291 loading class 0x0000000011cba2d0
Event: 190.291 loading class 0x0000000011cba2d0 done


Dynamic libraries:
0x00007ff664180000 - 0x00007ff6641b3000 	C:\Program Files\Java\jdk1.7.0_17\jre\bin\java.exe
0x00007ffa7a370000 - 0x00007ffa7a519000 	C:\WINDOWS\SYSTEM32\ntdll.dll
0x00007ffa7a160000 - 0x00007ffa7a299000 	C:\WINDOWS\system32\KERNEL32.DLL
0x00007ffa77af0000 - 0x00007ffa77bfe000 	C:\WINDOWS\system32\KERNELBASE.dll
0x00007ffa76320000 - 0x00007ffa763ab000 	C:\WINDOWS\system32\apphelp.dll
0x00007ffa6c8d0000 - 0x00007ffa6c91c000 	C:\WINDOWS\AppPatch\AppPatch64\AcGenral.DLL
0x00007ffa7a2b0000 - 0x00007ffa7a357000 	C:\WINDOWS\system32\msvcrt.dll
0x00007ffa774d0000 - 0x00007ffa774fb000 	C:\WINDOWS\SYSTEM32\SspiCli.dll
0x00007ffa79d30000 - 0x00007ffa79d81000 	C:\WINDOWS\system32\SHLWAPI.dll
0x00007ffa78310000 - 0x00007ffa78481000 	C:\WINDOWS\system32\USER32.dll
0x00007ffa78040000 - 0x00007ffa781b6000 	C:\WINDOWS\system32\ole32.dll
0x00007ffa78920000 - 0x00007ffa79d2f000 	C:\WINDOWS\system32\SHELL32.dll
0x00007ffa76c10000 - 0x00007ffa76c2f000 	C:\WINDOWS\SYSTEM32\USERENV.dll
0x00007ffa78530000 - 0x00007ffa785d5000 	C:\WINDOWS\system32\ADVAPI32.dll
0x00007ffa6d060000 - 0x00007ffa6d07b000 	C:\WINDOWS\SYSTEM32\MPR.dll
0x00007ffa79d90000 - 0x00007ffa79ec6000 	C:\WINDOWS\system32\RPCRT4.dll
0x00007ffa77c60000 - 0x00007ffa77cb7000 	C:\WINDOWS\SYSTEM32\sechost.dll
0x00007ffa77e60000 - 0x00007ffa78037000 	C:\WINDOWS\SYSTEM32\combase.dll
0x00007ffa781c0000 - 0x00007ffa78305000 	C:\WINDOWS\system32\GDI32.dll
0x00007ffa776f0000 - 0x00007ffa77704000 	C:\WINDOWS\SYSTEM32\profapi.dll
0x00007ffa75b30000 - 0x00007ffa75bd1000 	C:\WINDOWS\SYSTEM32\SHCORE.dll
0x00007ffa78700000 - 0x00007ffa78734000 	C:\WINDOWS\system32\IMM32.DLL
0x00007ffa77d20000 - 0x00007ffa77e58000 	C:\WINDOWS\system32\MSCTF.dll
0x00007ffa744e0000 - 0x00007ffa7473a000 	C:\WINDOWS\WinSxS\amd64_microsoft.windows.common-controls_6595b64144ccf1df_6.0.9600.16384_none_62475f7becb72503\COMCTL32.dll
0x0000000053ee0000 - 0x0000000053fb1000 	C:\Program Files\Java\jdk1.7.0_17\jre\bin\msvcr100.dll
0x00000000537c0000 - 0x0000000053edf000 	C:\Program Files\Java\jdk1.7.0_17\jre\bin\server\jvm.dll
0x00007ffa6f590000 - 0x00007ffa6f599000 	C:\WINDOWS\SYSTEM32\WSOCK32.dll
0x00007ffa72b10000 - 0x00007ffa72b2f000 	C:\WINDOWS\SYSTEM32\WINMM.dll
0x00007ffa785e0000 - 0x00007ffa785e7000 	C:\WINDOWS\system32\PSAPI.DLL
0x00007ffa77cc0000 - 0x00007ffa77d18000 	C:\WINDOWS\system32\WS2_32.dll
0x00007ffa72ae0000 - 0x00007ffa72b0a000 	C:\WINDOWS\SYSTEM32\WINMMBASE.dll
0x00007ffa79fb0000 - 0x00007ffa79fb9000 	C:\WINDOWS\system32\NSI.dll
0x00007ffa779a0000 - 0x00007ffa779ea000 	C:\WINDOWS\SYSTEM32\cfgmgr32.dll
0x00007ffa76570000 - 0x00007ffa76596000 	C:\WINDOWS\SYSTEM32\DEVOBJ.dll
0x00000000537b0000 - 0x00000000537bf000 	C:\Program Files\Java\jdk1.7.0_17\jre\bin\verify.dll
0x0000000053780000 - 0x00000000537a8000 	C:\Program Files\Java\jdk1.7.0_17\jre\bin\java.dll
0x0000000053760000 - 0x0000000053775000 	C:\Program Files\Java\jdk1.7.0_17\jre\bin\zip.dll
0x0000000053740000 - 0x0000000053759000 	C:\Program Files\Java\jdk1.7.0_17\jre\bin\net.dll
0x00007ffa76f40000 - 0x00007ffa76f98000 	C:\WINDOWS\system32\mswsock.dll
0x0000000053720000 - 0x0000000053731000 	C:\Program Files\Java\jdk1.7.0_17\jre\bin\nio.dll
0x00007ffa76d10000 - 0x00007ffa76db3000 	C:\WINDOWS\SYSTEM32\DNSAPI.dll
0x00007ffa6e1b0000 - 0x00007ffa6e1b9000 	C:\Windows\System32\rasadhlp.dll
0x00007ffa71390000 - 0x00007ffa713f7000 	C:\WINDOWS\System32\fwpuclnt.dll
0x00007ffa76fa0000 - 0x00007ffa76fbe000 	C:\WINDOWS\SYSTEM32\CRYPTSP.dll
0x00007ffa76bd0000 - 0x00007ffa76c05000 	C:\WINDOWS\system32\rsaenh.dll
0x00007ffa771e0000 - 0x00007ffa77206000 	C:\WINDOWS\SYSTEM32\bcrypt.dll
0x00007ffa77500000 - 0x00007ffa7755e000 	C:\WINDOWS\system32\bcryptprimitives.dll
0x00007ffa77660000 - 0x00007ffa7766a000 	C:\WINDOWS\SYSTEM32\CRYPTBASE.dll
0x00007ffa6b110000 - 0x00007ffa6b124000 	C:\WINDOWS\system32\napinsp.dll
0x00007ffa6b170000 - 0x00007ffa6b189000 	C:\WINDOWS\system32\pnrpnsp.dll
0x00007ffa754b0000 - 0x00007ffa754c9000 	C:\WINDOWS\system32\NLAapi.dll
0x00007ffa6b290000 - 0x00007ffa6b29c000 	C:\WINDOWS\System32\winrnr.dll
0x00007ffa6b230000 - 0x00007ffa6b243000 	C:\WINDOWS\system32\wshbth.dll
0x00007ffa71860000 - 0x00007ffa71889000 	C:\WINDOWS\SYSTEM32\IPHLPAPI.DLL
0x00007ffa71830000 - 0x00007ffa7183a000 	C:\WINDOWS\SYSTEM32\WINNSI.DLL

VM Arguments:
java_command: C:\Users\Marc-Antoine\Documents\GitHub\jqm\serious\JobBaseAPI\target\surefire\surefirebooter3339847828343393106.jar C:\Users\Marc-Antoine\Documents\GitHub\jqm\serious\JobBaseAPI\target\surefire\surefire8339837317938827974tmp C:\Users\Marc-Antoine\Documents\GitHub\jqm\serious\JobBaseAPI\target\surefire\surefire_18917287513963983391tmp
Launcher Type: SUN_STANDARD

Environment Variables:
JAVA_HOME=C:\Program Files\Java\jdk1.7.0_17
CLASSPATH=C:\Program Files (x86)\IBM\WebSphere MQ\java\lib\com.ibm.mqjms.jar;C:\Program Files (x86)\IBM\WebSphere MQ\java\lib\com.ibm.mq.jar
PATH=C:\WINDOWS\system32;C:\WINDOWS;C:\WINDOWS\System32\Wbem;C:\WINDOWS\System32\WindowsPowerShell\v1.0\;C:\Program Files\Java\jdk1.6.0_38\bin;C:\Python27;C:\Python27\Scripts;C:\Program Files (x86)\Graphviz2.30\bin;C:\WINDOWS\System32\Windows System Resource Manager\bin;C:\Program Files (x86)\Windows Kits\8.0\Windows Performance Toolkit\;C:\Program Files\Microsoft\Web Platform Installer\;C:\Program Files (x86)\Intel\OpenCL SDK\2.0\bin\x86;C:\Program Files (x86)\Intel\OpenCL SDK\2.0\bin\x64;C:\Program Files\Intel\WiFi\bin\;C:\Program Files\Common Files\Intel\WirelessCommon\;C:\Program Files (x86)\IBM\WebSphere MQ\bin64;C:\Program Files (x86)\IBM\WebSphere MQ\bin;C:\Program Files (x86)\IBM\WebSphere MQ\tools\c\samples\bin;C:\Program Files\Intel\WiFi\bin\;C:\Program Files\Common Files\Intel\WirelessCommon\;C:\TEMP\apache-maven-3.1.0\bin\;C:\Program Files (x86)\apache-ant\bin
USERNAME=Marc-Antoine
OS=Windows_NT
PROCESSOR_IDENTIFIER=Intel64 Family 6 Model 42 Stepping 7, GenuineIntel



---------------  S Y S T E M  ---------------

OS: Windows 8 , 64 bit Build 9200 

CPU:total 4 (2 cores per cpu, 2 threads per core) family 6 model 42 stepping 7, cmov, cx8, fxsr, mmx, sse, sse2, sse3, ssse3, sse4.1, sse4.2, popcnt, avx, ht, tsc, tscinvbit

Memory: 4k page, physical 8266424k(1243948k free), swap 9315000k(5960k free)

vm_info: Java HotSpot(TM) 64-Bit Server VM (23.7-b01) for windows-amd64 JRE (1.7.0_17-b02), built on Mar  1 2013 03:38:30 by "java_re" with unknown MS VC++:1600

time: Tue Oct 29 17:36:51 2013
elapsed time: 190 seconds

